C:\Users\itsru\Desktop\FPGA\CEN-598-Reconfigurable-Computing\Lab2-GEMM-accelerator-using-High-Level-Synthesis\hls_gemm\solution1\.autopilot\db\matrix_mult.pp.0.cpp:1319:7: warning: Added loop label VITIS_LOOP_1207_1:   [xilinx-label-all-loops]
      for (i = 0; i < __N - 1; ++i) {
      ^~~
      VITIS_LOOP_1207_1: 
C:\Users\itsru\Desktop\FPGA\CEN-598-Reconfigurable-Computing\Lab2-GEMM-accelerator-using-High-Level-Synthesis\hls_gemm\solution1\.autopilot\db\matrix_mult.pp.0.cpp:1319:7: note: FIX-IT applied suggested code changes
C:\Users\itsru\Desktop\FPGA\CEN-598-Reconfigurable-Computing\Lab2-GEMM-accelerator-using-High-Level-Synthesis\hls_gemm\solution1\.autopilot\db\matrix_mult.pp.0.cpp:2293:5: warning: Added loop label VITIS_LOOP_676_1:   [xilinx-label-all-loops]
    for (unsigned i = low; i != high; ++i) {
    ^~~
    VITIS_LOOP_676_1: 
C:\Users\itsru\Desktop\FPGA\CEN-598-Reconfigurable-Computing\Lab2-GEMM-accelerator-using-High-Level-Synthesis\hls_gemm\solution1\.autopilot\db\matrix_mult.pp.0.cpp:2293:5: note: FIX-IT applied suggested code changes
C:\Users\itsru\Desktop\FPGA\CEN-598-Reconfigurable-Computing\Lab2-GEMM-accelerator-using-High-Level-Synthesis\hls_gemm\solution1\.autopilot\db\matrix_mult.pp.0.cpp:2307:5: warning: Added loop label VITIS_LOOP_690_1:   [xilinx-label-all-loops]
    for (unsigned i = low; i != high; ++i) {
    ^~~
    VITIS_LOOP_690_1: 
C:\Users\itsru\Desktop\FPGA\CEN-598-Reconfigurable-Computing\Lab2-GEMM-accelerator-using-High-Level-Synthesis\hls_gemm\solution1\.autopilot\db\matrix_mult.pp.0.cpp:2307:5: note: FIX-IT applied suggested code changes
C:\Users\itsru\Desktop\FPGA\CEN-598-Reconfigurable-Computing\Lab2-GEMM-accelerator-using-High-Level-Synthesis\hls_gemm\solution1\.autopilot\db\matrix_mult.pp.0.cpp:2321:5: warning: Added loop label VITIS_LOOP_704_1:   [xilinx-label-all-loops]
    for (unsigned i = low; i != high; ++i) {
    ^~~
    VITIS_LOOP_704_1: 
C:\Users\itsru\Desktop\FPGA\CEN-598-Reconfigurable-Computing\Lab2-GEMM-accelerator-using-High-Level-Synthesis\hls_gemm\solution1\.autopilot\db\matrix_mult.pp.0.cpp:2321:5: note: FIX-IT applied suggested code changes
C:\Users\itsru\Desktop\FPGA\CEN-598-Reconfigurable-Computing\Lab2-GEMM-accelerator-using-High-Level-Synthesis\hls_gemm\solution1\.autopilot\db\matrix_mult.pp.0.cpp:3950:7: warning: Added loop label VITIS_LOOP_1247_1:   [xilinx-label-all-loops]
      for (i = 0; i < __N - 1; ++i) {
      ^~~
      VITIS_LOOP_1247_1: 
C:\Users\itsru\Desktop\FPGA\CEN-598-Reconfigurable-Computing\Lab2-GEMM-accelerator-using-High-Level-Synthesis\hls_gemm\solution1\.autopilot\db\matrix_mult.pp.0.cpp:3950:7: note: FIX-IT applied suggested code changes
