

================================================================
== Vitis HLS Report for 'matrix_mult'
================================================================
* Date:           Sun Feb 18 11:19:08 2024

* Version:        2023.2 (Build 4023990 on Oct 11 2023)
* Project:        hls_gemm
* Solution:       solution1 (Vivado IP Flow Target)
* Product family: zynq
* Target device:  xc7z020-clg400-1


================================================================
== Performance Estimates
================================================================
+ Timing: 
    * Summary: 
    +--------+----------+----------+------------+
    |  Clock |  Target  | Estimated| Uncertainty|
    +--------+----------+----------+------------+
    |ap_clk  |  10.00 ns|  7.837 ns|     2.70 ns|
    +--------+----------+----------+------------+

+ Latency: 
    * Summary: 
    +---------+---------+-----------+-----------+------+------+---------+
    |  Latency (cycles) |   Latency (absolute)  |   Interval  | Pipeline|
    |   min   |   max   |    min    |    max    |  min |  max |   Type  |
    +---------+---------+-----------+-----------+------+------+---------+
    |     2057|     2057|  20.570 us|  20.570 us|  2058|  2058|       no|
    +---------+---------+-----------+-----------+------+------+---------+

    + Detail: 
        * Instance: 
        N/A

        * Loop: 
        +-----------+---------+---------+----------+-----------+-----------+------+----------+
        |           |  Latency (cycles) | Iteration|  Initiation Interval  | Trip |          |
        | Loop Name |   min   |   max   |  Latency |  achieved |   target  | Count| Pipelined|
        +-----------+---------+---------+----------+-----------+-----------+------+----------+
        |- Row_Col  |     2055|     2055|        16|          8|          1|   256|       yes|
        +-----------+---------+---------+----------+-----------+-----------+------+----------+



================================================================
== Utilization Estimates
================================================================
* Summary: 
+-----------------+---------+-----+--------+-------+-----+
|       Name      | BRAM_18K| DSP |   FF   |  LUT  | URAM|
+-----------------+---------+-----+--------+-------+-----+
|DSP              |        -|    8|       -|      -|    -|
|Expression       |        -|    -|       0|    492|    -|
|FIFO             |        -|    -|       -|      -|    -|
|Instance         |        -|    0|       0|    328|    -|
|Memory           |        -|    -|       -|      -|    -|
|Multiplexer      |        -|    -|       -|    384|    -|
|Register         |        -|    -|     354|      -|    -|
+-----------------+---------+-----+--------+-------+-----+
|Total            |        0|    8|     354|   1204|    0|
+-----------------+---------+-----+--------+-------+-----+
|Available        |      280|  220|  106400|  53200|    0|
+-----------------+---------+-----+--------+-------+-----+
|Utilization (%)  |        0|    3|      ~0|      2|    0|
+-----------------+---------+-----+--------+-------+-----+

+ Detail: 
    * Instance: 
    +-----------------------+--------------------+---------+----+---+----+-----+
    |        Instance       |       Module       | BRAM_18K| DSP| FF| LUT| URAM|
    +-----------------------+--------------------+---------+----+---+----+-----+
    |mul_8ns_8ns_16_1_1_U1  |mul_8ns_8ns_16_1_1  |        0|   0|  0|  41|    0|
    |mul_8ns_8ns_16_1_1_U2  |mul_8ns_8ns_16_1_1  |        0|   0|  0|  41|    0|
    |mul_8ns_8ns_16_1_1_U3  |mul_8ns_8ns_16_1_1  |        0|   0|  0|  41|    0|
    |mul_8ns_8ns_16_1_1_U4  |mul_8ns_8ns_16_1_1  |        0|   0|  0|  41|    0|
    |mul_8ns_8ns_16_1_1_U5  |mul_8ns_8ns_16_1_1  |        0|   0|  0|  41|    0|
    |mul_8ns_8ns_16_1_1_U6  |mul_8ns_8ns_16_1_1  |        0|   0|  0|  41|    0|
    |mul_8ns_8ns_16_1_1_U7  |mul_8ns_8ns_16_1_1  |        0|   0|  0|  41|    0|
    |mul_8ns_8ns_16_1_1_U8  |mul_8ns_8ns_16_1_1  |        0|   0|  0|  41|    0|
    +-----------------------+--------------------+---------+----+---+----+-----+
    |Total                  |                    |        0|   0|  0| 328|    0|
    +-----------------------+--------------------+---------+----+---+----+-----+

    * DSP: 
    +------------------------------------+--------------------------------+--------------+
    |              Instance              |             Module             |  Expression  |
    +------------------------------------+--------------------------------+--------------+
    |mac_muladd_8ns_8ns_16ns_17_4_1_U9   |mac_muladd_8ns_8ns_16ns_17_4_1  |  i0 + i1 * i2|
    |mac_muladd_8ns_8ns_16ns_17_4_1_U10  |mac_muladd_8ns_8ns_16ns_17_4_1  |  i0 + i1 * i2|
    |mac_muladd_8ns_8ns_16ns_17_4_1_U11  |mac_muladd_8ns_8ns_16ns_17_4_1  |  i0 + i1 * i2|
    |mac_muladd_8ns_8ns_16ns_17_4_1_U12  |mac_muladd_8ns_8ns_16ns_17_4_1  |  i0 + i1 * i2|
    |mac_muladd_8ns_8ns_16ns_17_4_1_U13  |mac_muladd_8ns_8ns_16ns_17_4_1  |  i0 + i1 * i2|
    |mac_muladd_8ns_8ns_16ns_17_4_1_U14  |mac_muladd_8ns_8ns_16ns_17_4_1  |  i0 + i1 * i2|
    |mac_muladd_8ns_8ns_16ns_17_4_1_U15  |mac_muladd_8ns_8ns_16ns_17_4_1  |  i0 + i1 * i2|
    |mac_muladd_8ns_8ns_16ns_17_4_1_U16  |mac_muladd_8ns_8ns_16ns_17_4_1  |  i0 + i1 * i2|
    +------------------------------------+--------------------------------+--------------+

    * Memory: 
    N/A

    * FIFO: 
    N/A

    * Expression: 
    +-------------------------+----------+----+---+----+------------+------------+
    |      Variable Name      | Operation| DSP| FF| LUT| Bitwidth P0| Bitwidth P1|
    +-------------------------+----------+----+---+----+------------+------------+
    |add_ln10_1_fu_478_p2     |         +|   0|  0|  14|           9|           1|
    |add_ln10_fu_490_p2       |         +|   0|  0|  13|           5|           1|
    |add_ln12_fu_912_p2       |         +|   0|  0|  13|           5|           1|
    |add_ln16_12_fu_1114_p2   |         +|   0|  0|  25|          18|          18|
    |add_ln16_13_fu_1124_p2   |         +|   0|  0|  26|          19|          19|
    |add_ln16_14_fu_1165_p2   |         +|   0|  0|  27|          20|          20|
    |add_ln16_15_fu_875_p2    |         +|   0|  0|  14|           6|           5|
    |add_ln16_16_fu_573_p2    |         +|   0|  0|  14|           7|           6|
    |add_ln16_17_fu_584_p2    |         +|   0|  0|  14|           7|           7|
    |add_ln16_18_fu_618_p2    |         +|   0|  0|  15|           8|           7|
    |add_ln16_19_fu_629_p2    |         +|   0|  0|  15|           8|           8|
    |add_ln16_20_fu_660_p2    |         +|   0|  0|  15|           8|           8|
    |add_ln16_21_fu_952_p2    |         +|   0|  0|  15|           8|           8|
    |add_ln16_2_fu_1136_p2    |         +|   0|  0|  25|          18|          18|
    |add_ln16_5_fu_1005_p2    |         +|   0|  0|  25|          18|          18|
    |add_ln16_6_fu_1149_p2    |         +|   0|  0|  26|          19|          19|
    |add_ln16_9_fu_1067_p2    |         +|   0|  0|  25|          18|          18|
    |ap_condition_1179        |       and|   0|  0|   2|           1|           1|
    |ap_condition_1183        |       and|   0|  0|   2|           1|           1|
    |ap_condition_427         |       and|   0|  0|   2|           1|           1|
    |icmp_ln10_fu_472_p2      |      icmp|   0|  0|  13|           9|          10|
    |icmp_ln12_fu_496_p2      |      icmp|   0|  0|  14|           5|           6|
    |or_ln16_10_fu_605_p2     |        or|   0|  0|   8|           8|           4|
    |or_ln16_11_fu_844_p2     |        or|   0|  0|   8|           8|           4|
    |or_ln16_12_fu_640_p2     |        or|   0|  0|   8|           8|           4|
    |or_ln16_13_fu_854_p2     |        or|   0|  0|   8|           8|           4|
    |or_ln16_14_fu_650_p2     |        or|   0|  0|   8|           8|           4|
    |or_ln16_1_fu_688_p2      |        or|   0|  0|   8|           8|           2|
    |or_ln16_2_fu_522_p2      |        or|   0|  0|   8|           8|           2|
    |or_ln16_3_fu_730_p2      |        or|   0|  0|   8|           8|           3|
    |or_ln16_4_fu_549_p2      |        or|   0|  0|   8|           8|           3|
    |or_ln16_5_fu_740_p2      |        or|   0|  0|   8|           8|           3|
    |or_ln16_6_fu_559_p2      |        or|   0|  0|   8|           8|           3|
    |or_ln16_7_fu_778_p2      |        or|   0|  0|   8|           8|           4|
    |or_ln16_8_fu_595_p2      |        or|   0|  0|   8|           8|           4|
    |or_ln16_9_fu_788_p2      |        or|   0|  0|   8|           8|           4|
    |or_ln16_fu_678_p2        |        or|   0|  0|   8|           8|           1|
    |select_ln10_1_fu_502_p3  |    select|   0|  0|   5|           1|           5|
    |select_ln10_fu_543_p3    |    select|   0|  0|   5|           1|           1|
    |ap_enable_pp0            |       xor|   0|  0|   2|           1|           2|
    |xor_ln16_fu_938_p2       |       xor|   0|  0|   6|           5|           6|
    +-------------------------+----------+----+---+----+------------+------------+
    |Total                    |          |   0|  0| 492|         346|         264|
    +-------------------------+----------+----+---+----+------------+------------+

    * Multiplexer: 
    +--------------------------------------+----+-----------+-----+-----------+
    |                 Name                 | LUT| Input Size| Bits| Total Bits|
    +--------------------------------------+----+-----------+-----+-----------+
    |a_address0                            |  48|          9|    8|         72|
    |a_address1                            |  48|          9|    8|         72|
    |ap_NS_fsm                             |  48|          9|    1|          9|
    |ap_done_int                           |   9|          2|    1|          2|
    |ap_enable_reg_pp0_iter0               |   9|          2|    1|          2|
    |ap_enable_reg_pp0_iter1               |   9|          2|    1|          2|
    |ap_sig_allocacmp_i_load               |   9|          2|    5|         10|
    |ap_sig_allocacmp_indvar_flatten_load  |   9|          2|    9|         18|
    |ap_sig_allocacmp_j_load               |   9|          2|    5|         10|
    |b_address0                            |  48|          9|    8|         72|
    |b_address1                            |  48|          9|    8|         72|
    |i_fu_112                              |   9|          2|    5|         10|
    |indvar_flatten_fu_116                 |   9|          2|    9|         18|
    |j_fu_108                              |   9|          2|    5|         10|
    |reg_411                               |   9|          2|    8|         16|
    |reg_420                               |   9|          2|    8|         16|
    |reg_425                               |   9|          2|    8|         16|
    |reg_430                               |   9|          2|    8|         16|
    |reg_435                               |   9|          2|    8|         16|
    |reg_440                               |   9|          2|    8|         16|
    |reg_445                               |   9|          2|    8|         16|
    +--------------------------------------+----+-----------+-----+-----------+
    |Total                                 | 384|         77|  130|        491|
    +--------------------------------------+----+-----------+-----+-----------+

    * Register: 
    +-----------------------------+----+----+-----+-----------+
    |             Name            | FF | LUT| Bits| Const Bits|
    +-----------------------------+----+----+-----+-----------+
    |a_load_14_reg_1559           |   8|   0|    8|          0|
    |a_load_15_reg_1403           |   8|   0|    8|          0|
    |a_load_1_reg_1449            |   8|   0|    8|          0|
    |a_load_reg_1604              |   8|   0|    8|          0|
    |add_ln16_10_reg_1674         |  17|   0|   17|          0|
    |add_ln16_13_reg_1684         |  19|   0|   19|          0|
    |add_ln16_17_reg_1332         |   7|   0|    7|          0|
    |add_ln16_1_reg_1544          |  17|   0|   17|          0|
    |add_ln16_21_reg_1574         |   8|   0|    8|          0|
    |add_ln16_3_reg_1599          |  17|   0|   17|          0|
    |add_ln16_5_reg_1624          |  18|   0|   18|          0|
    |add_ln16_6_reg_1689          |  19|   0|   19|          0|
    |add_ln16_7_reg_1644          |  17|   0|   17|          0|
    |add_ln16_9_reg_1664          |  18|   0|   18|          0|
    |ap_CS_fsm                    |   8|   0|    8|          0|
    |ap_done_reg                  |   1|   0|    1|          0|
    |ap_enable_reg_pp0_iter0_reg  |   1|   0|    1|          0|
    |ap_enable_reg_pp0_iter1      |   1|   0|    1|          0|
    |b_load_13_reg_1434           |   8|   0|    8|          0|
    |b_load_14_reg_1594           |   8|   0|    8|          0|
    |b_load_1_reg_1579            |   8|   0|    8|          0|
    |i_fu_112                     |   5|   0|    5|          0|
    |icmp_ln10_reg_1265           |   1|   0|    1|          0|
    |icmp_ln12_reg_1274           |   1|   0|    1|          0|
    |indvar_flatten_fu_116        |   9|   0|    9|          0|
    |j_fu_108                     |   5|   0|    5|          0|
    |j_load_reg_1269              |   5|   0|    5|          0|
    |reg_407                      |   8|   0|    8|          0|
    |reg_411                      |   8|   0|    8|          0|
    |reg_416                      |   8|   0|    8|          0|
    |reg_420                      |   8|   0|    8|          0|
    |reg_425                      |   8|   0|    8|          0|
    |reg_430                      |   8|   0|    8|          0|
    |reg_435                      |   8|   0|    8|          0|
    |reg_440                      |   8|   0|    8|          0|
    |reg_445                      |   8|   0|    8|          0|
    |reg_450                      |   8|   0|    8|          0|
    |select_ln10_reg_1304         |   5|   0|    5|          0|
    |tmp_16_cast_reg_1408         |   5|   0|    6|          1|
    |tmp_17_cast_reg_1419         |   5|   0|    7|          2|
    |tmp_cast_reg_1279            |   4|   0|    8|          4|
    |zext_ln16_79_reg_1352        |   5|   0|    8|          3|
    +-----------------------------+----+----+-----+-----------+
    |Total                        | 354|   0|  364|         10|
    +-----------------------------+----+----+-----+-----------+



================================================================
== Interface
================================================================
* Summary: 
+---------------+-----+-----+------------+--------------+--------------+
|   RTL Ports   | Dir | Bits|  Protocol  | Source Object|    C Type    |
+---------------+-----+-----+------------+--------------+--------------+
|ap_clk         |   in|    1|  ap_ctrl_hs|   matrix_mult|  return value|
|ap_rst         |   in|    1|  ap_ctrl_hs|   matrix_mult|  return value|
|ap_start       |   in|    1|  ap_ctrl_hs|   matrix_mult|  return value|
|ap_done        |  out|    1|  ap_ctrl_hs|   matrix_mult|  return value|
|ap_idle        |  out|    1|  ap_ctrl_hs|   matrix_mult|  return value|
|ap_ready       |  out|    1|  ap_ctrl_hs|   matrix_mult|  return value|
|a_address0     |  out|    8|   ap_memory|             a|         array|
|a_ce0          |  out|    1|   ap_memory|             a|         array|
|a_q0           |   in|    8|   ap_memory|             a|         array|
|a_address1     |  out|    8|   ap_memory|             a|         array|
|a_ce1          |  out|    1|   ap_memory|             a|         array|
|a_q1           |   in|    8|   ap_memory|             a|         array|
|b_address0     |  out|    8|   ap_memory|             b|         array|
|b_ce0          |  out|    1|   ap_memory|             b|         array|
|b_q0           |   in|    8|   ap_memory|             b|         array|
|b_address1     |  out|    8|   ap_memory|             b|         array|
|b_ce1          |  out|    1|   ap_memory|             b|         array|
|b_q1           |   in|    8|   ap_memory|             b|         array|
|prod_address0  |  out|    8|   ap_memory|          prod|         array|
|prod_ce0       |  out|    1|   ap_memory|          prod|         array|
|prod_we0       |  out|    1|   ap_memory|          prod|         array|
|prod_d0        |  out|   32|   ap_memory|          prod|         array|
+---------------+-----+-----+------------+--------------+--------------+

