==============================================================
Vitis HLS - High-Level Synthesis from C, C++ and OpenCL v2023.2 (64-bit)
Tool Version Limit: 2023.10
Copyright 1986-2022 Xilinx, Inc. All Rights Reserved.
Copyright 2022-2023 Advanced Micro Devices, Inc. All Rights Reserved.

==============================================================
INFO: [SYN 201-201] Setting up clock 'default' with a period of 10ns.
INFO: [HLS 200-1611] Setting target device to 'xc7z020-clg400-1'
INFO: [HLS 200-1505] Using flow_target 'vivado'
INFO: [HLS 200-1510] Running: set_part xc7z020clg400-1 
INFO: [HLS 200-1510] Running: create_clock -period 10 -name default 
INFO: [SYN 201-201] Setting up clock 'default' with a period of 10ns.
INFO: [HLS 200-1510] Running: csim_design -quiet 
INFO: [SIM 211-2] *************** CSIM start ***************
INFO: [SIM 211-4] CSIM will launch GCC as the compiler.
INFO: [HLS 200-2036] Building debug C Simulation binaries
INFO: [SIM 211-1] CSim done with 0 errors.
INFO: [SIM 211-3] *************** CSIM finish ***************
INFO: [HLS 200-111] Finished Command csim_design CPU user time: 0 seconds. CPU system time: 0 seconds. Elapsed time: 5.951 seconds; current allocated memory: 0.660 MB.
==============================================================
Vitis HLS - High-Level Synthesis from C, C++ and OpenCL v2023.2 (64-bit)
Tool Version Limit: 2023.10
Copyright 1986-2022 Xilinx, Inc. All Rights Reserved.
Copyright 2022-2023 Advanced Micro Devices, Inc. All Rights Reserved.

==============================================================
INFO: [SYN 201-201] Setting up clock 'default' with a period of 10ns.
INFO: [HLS 200-1611] Setting target device to 'xc7z020-clg400-1'
INFO: [HLS 200-1505] Using flow_target 'vivado'
INFO: [HLS 200-1510] Running: set_part xc7z020clg400-1 
INFO: [HLS 200-1510] Running: create_clock -period 10 -name default 
INFO: [HLS 200-1510] Running: csynth_design 
INFO: [HLS 200-111] Finished File checks and directory preparation: CPU user time: 0 seconds. CPU system time: 0 seconds. Elapsed time: 0.079 seconds; current allocated memory: 130.977 MB.
INFO: [HLS 200-10] Analyzing design file 'matrix_mult.cpp' ... 
INFO: [HLS 200-111] Finished Source Code Analysis and Preprocessing: CPU user time: 0 seconds. CPU system time: 0 seconds. Elapsed time: 3.472 seconds; current allocated memory: 133.223 MB.
INFO: [HLS 200-777] Using interface defaults for 'Vivado' flow target.
INFO: [HLS 200-1995] There were 170 instructions in the design after the 'Compile/Link' phase of compilation. See the Design Size Report for more details: C:/Users/itsru/Desktop/FPGA/CEN-598-Reconfigurable-Computing/Lab2-GEMM-accelerator-using-High-Level-Synthesis/hls_gemm/solution1/syn/report/csynth_design_size.rpt
INFO: [HLS 200-1995] There were 45 instructions in the design after the 'Unroll/Inline (step 1)' phase of compilation. See the Design Size Report for more details: C:/Users/itsru/Desktop/FPGA/CEN-598-Reconfigurable-Computing/Lab2-GEMM-accelerator-using-High-Level-Synthesis/hls_gemm/solution1/syn/report/csynth_design_size.rpt
INFO: [HLS 200-1995] There were 35 instructions in the design after the 'Unroll/Inline (step 2)' phase of compilation. See the Design Size Report for more details: C:/Users/itsru/Desktop/FPGA/CEN-598-Reconfigurable-Computing/Lab2-GEMM-accelerator-using-High-Level-Synthesis/hls_gemm/solution1/syn/report/csynth_design_size.rpt
INFO: [HLS 200-1995] There were 32 instructions in the design after the 'Unroll/Inline (step 3)' phase of compilation. See the Design Size Report for more details: C:/Users/itsru/Desktop/FPGA/CEN-598-Reconfigurable-Computing/Lab2-GEMM-accelerator-using-High-Level-Synthesis/hls_gemm/solution1/syn/report/csynth_design_size.rpt
INFO: [HLS 200-1995] There were 32 instructions in the design after the 'Unroll/Inline (step 4)' phase of compilation. See the Design Size Report for more details: C:/Users/itsru/Desktop/FPGA/CEN-598-Reconfigurable-Computing/Lab2-GEMM-accelerator-using-High-Level-Synthesis/hls_gemm/solution1/syn/report/csynth_design_size.rpt
INFO: [HLS 200-1995] There were 32 instructions in the design after the 'Array/Struct (step 1)' phase of compilation. See the Design Size Report for more details: C:/Users/itsru/Desktop/FPGA/CEN-598-Reconfigurable-Computing/Lab2-GEMM-accelerator-using-High-Level-Synthesis/hls_gemm/solution1/syn/report/csynth_design_size.rpt
INFO: [HLS 200-1995] There were 32 instructions in the design after the 'Array/Struct (step 2)' phase of compilation. See the Design Size Report for more details: C:/Users/itsru/Desktop/FPGA/CEN-598-Reconfigurable-Computing/Lab2-GEMM-accelerator-using-High-Level-Synthesis/hls_gemm/solution1/syn/report/csynth_design_size.rpt
INFO: [HLS 200-1995] There were 36 instructions in the design after the 'Array/Struct (step 3)' phase of compilation. See the Design Size Report for more details: C:/Users/itsru/Desktop/FPGA/CEN-598-Reconfigurable-Computing/Lab2-GEMM-accelerator-using-High-Level-Synthesis/hls_gemm/solution1/syn/report/csynth_design_size.rpt
INFO: [HLS 200-1995] There were 40 instructions in the design after the 'Array/Struct (step 4)' phase of compilation. See the Design Size Report for more details: C:/Users/itsru/Desktop/FPGA/CEN-598-Reconfigurable-Computing/Lab2-GEMM-accelerator-using-High-Level-Synthesis/hls_gemm/solution1/syn/report/csynth_design_size.rpt
INFO: [HLS 200-1995] There were 41 instructions in the design after the 'Array/Struct (step 5)' phase of compilation. See the Design Size Report for more details: C:/Users/itsru/Desktop/FPGA/CEN-598-Reconfigurable-Computing/Lab2-GEMM-accelerator-using-High-Level-Synthesis/hls_gemm/solution1/syn/report/csynth_design_size.rpt
INFO: [HLS 200-1995] There were 32 instructions in the design after the 'Performance (step 1)' phase of compilation. See the Design Size Report for more details: C:/Users/itsru/Desktop/FPGA/CEN-598-Reconfigurable-Computing/Lab2-GEMM-accelerator-using-High-Level-Synthesis/hls_gemm/solution1/syn/report/csynth_design_size.rpt
INFO: [HLS 200-1995] There were 204 instructions in the design after the 'Performance (step 2)' phase of compilation. See the Design Size Report for more details: C:/Users/itsru/Desktop/FPGA/CEN-598-Reconfigurable-Computing/Lab2-GEMM-accelerator-using-High-Level-Synthesis/hls_gemm/solution1/syn/report/csynth_design_size.rpt
INFO: [HLS 200-1995] There were 204 instructions in the design after the 'Performance (step 3)' phase of compilation. See the Design Size Report for more details: C:/Users/itsru/Desktop/FPGA/CEN-598-Reconfigurable-Computing/Lab2-GEMM-accelerator-using-High-Level-Synthesis/hls_gemm/solution1/syn/report/csynth_design_size.rpt
INFO: [HLS 200-1995] There were 204 instructions in the design after the 'Performance (step 4)' phase of compilation. See the Design Size Report for more details: C:/Users/itsru/Desktop/FPGA/CEN-598-Reconfigurable-Computing/Lab2-GEMM-accelerator-using-High-Level-Synthesis/hls_gemm/solution1/syn/report/csynth_design_size.rpt
INFO: [HLS 200-1995] There were 210 instructions in the design after the 'HW Transforms (step 1)' phase of compilation. See the Design Size Report for more details: C:/Users/itsru/Desktop/FPGA/CEN-598-Reconfigurable-Computing/Lab2-GEMM-accelerator-using-High-Level-Synthesis/hls_gemm/solution1/syn/report/csynth_design_size.rpt
INFO: [HLS 200-1995] There were 218 instructions in the design after the 'HW Transforms (step 2)' phase of compilation. See the Design Size Report for more details: C:/Users/itsru/Desktop/FPGA/CEN-598-Reconfigurable-Computing/Lab2-GEMM-accelerator-using-High-Level-Synthesis/hls_gemm/solution1/syn/report/csynth_design_size.rpt
INFO: [HLS 214-241] Aggregating bram variable 'prod' with compact=bit mode in 32-bits (matrix_mult.cpp:8:0)
INFO: [HLS 214-241] Aggregating bram variable 'b' with compact=bit mode in 8-bits (matrix_mult.cpp:8:0)
INFO: [HLS 214-241] Aggregating bram variable 'a' with compact=bit mode in 8-bits (matrix_mult.cpp:8:0)
INFO: [HLS 214-376] automatically set the pipeline for Loop< Col> at matrix_mult.cpp:12:12 
INFO: [HLS 214-291] Loop 'Product' is marked as complete unroll implied by the pipeline pragma (matrix_mult.cpp:15:19)
INFO: [HLS 214-186] Unrolling loop 'Product' (matrix_mult.cpp:15:19) in function 'matrix_mult' completely with a factor of 16 (matrix_mult.cpp:8:0)
INFO: [HLS 200-111] Finished Compiling Optimization and Transform: CPU user time: 0 seconds. CPU system time: 0 seconds. Elapsed time: 7.653 seconds; current allocated memory: 135.434 MB.
INFO: [HLS 200-111] Finished Checking Pragmas: CPU user time: 0 seconds. CPU system time: 0 seconds. Elapsed time: 0.003 seconds; current allocated memory: 135.434 MB.
INFO: [HLS 200-10] Starting code transformations ...
INFO: [HLS 200-111] Finished Standard Transforms: CPU user time: 0 seconds. CPU system time: 0 seconds. Elapsed time: 0.122 seconds; current allocated memory: 140.059 MB.
INFO: [HLS 200-10] Checking synthesizability ...
INFO: [HLS 200-111] Finished Checking Synthesizability: CPU user time: 0 seconds. CPU system time: 0 seconds. Elapsed time: 0.07 seconds; current allocated memory: 141.609 MB.
INFO: [XFORM 203-11] Balancing expressions in function 'matrix_mult' (matrix_mult.cpp:4:12)...15 expression(s) balanced.
INFO: [HLS 200-111] Finished Loop, function and other optimizations: CPU user time: 0 seconds. CPU system time: 0 seconds. Elapsed time: 0.152 seconds; current allocated memory: 163.723 MB.
INFO: [HLS 200-2061] Successfully converted nested loops 'Row'(matrix_mult.cpp:10:9) and 'Col'(matrix_mult.cpp:12:12) in function 'matrix_mult' into perfectly nested loops.
INFO: [XFORM 203-541] Flattening a loop nest 'Row' (matrix_mult.cpp:10:9) in function 'matrix_mult'.
INFO: [HLS 200-111] Finished Architecture Synthesis: CPU user time: 0 seconds. CPU system time: 0 seconds. Elapsed time: 0.125 seconds; current allocated memory: 163.727 MB.
INFO: [HLS 200-10] Starting hardware synthesis ...
INFO: [HLS 200-10] Synthesizing 'matrix_mult' ...
INFO: [HLS 200-10] ----------------------------------------------------------------
INFO: [HLS 200-42] -- Implementing module 'matrix_mult' 
INFO: [HLS 200-10] ----------------------------------------------------------------
INFO: [SCHED 204-11] Starting scheduling ...
INFO: [HLS 200-486] Changing DSP latency (root=add_ln16_11) to 3 in order to utilize available DSP registers.
INFO: [HLS 200-486] Changing DSP latency (root=add_ln16_10) to 3 in order to utilize available DSP registers.
INFO: [HLS 200-486] Changing DSP latency (root=add_ln16_8) to 3 in order to utilize available DSP registers.
INFO: [HLS 200-486] Changing DSP latency (root=add_ln16_7) to 3 in order to utilize available DSP registers.
INFO: [HLS 200-486] Changing DSP latency (root=add_ln16_4) to 3 in order to utilize available DSP registers.
INFO: [HLS 200-486] Changing DSP latency (root=add_ln16_3) to 3 in order to utilize available DSP registers.
INFO: [HLS 200-486] Changing DSP latency (root=add_ln16_1) to 3 in order to utilize available DSP registers.
INFO: [HLS 200-486] Changing DSP latency (root=add_ln16) to 3 in order to utilize available DSP registers.
INFO: [SCHED 204-61] Pipelining loop 'Row_Col'.
WARNING: [HLS 200-885] The II Violation in module 'matrix_mult' (loop 'Row_Col'): Unable to schedule 'load' operation 8 bit ('a_load_3', matrix_mult.cpp:16) on array 'a' due to limited memory ports (II = 1). Please consider using a memory core with more ports or partitioning the array 'a'.
WARNING: [HLS 200-885] The II Violation in module 'matrix_mult' (loop 'Row_Col'): Unable to schedule 'load' operation 8 bit ('a_load_7', matrix_mult.cpp:16) on array 'a' due to limited memory ports (II = 2). Please consider using a memory core with more ports or partitioning the array 'a'.
WARNING: [HLS 200-885] The II Violation in module 'matrix_mult' (loop 'Row_Col'): Unable to schedule 'load' operation 8 bit ('a_load_11', matrix_mult.cpp:16) on array 'a' due to limited memory ports (II = 3). Please consider using a memory core with more ports or partitioning the array 'a'.
WARNING: [HLS 200-885] The II Violation in module 'matrix_mult' (loop 'Row_Col'): Unable to schedule 'load' operation 8 bit ('a_load_15', matrix_mult.cpp:16) on array 'a' due to limited memory ports (II = 4). Please consider using a memory core with more ports or partitioning the array 'a'.
WARNING: [HLS 200-885] The II Violation in module 'matrix_mult' (loop 'Row_Col'): Unable to schedule 'load' operation 8 bit ('a_load_10', matrix_mult.cpp:16) on array 'a' due to limited memory ports (II = 7). Please consider using a memory core with more ports or partitioning the array 'a'.
INFO: [HLS 200-1470] Pipelining result : Target II = NA, Final II = 8, Depth = 16, loop 'Row_Col'
WARNING: [HLS 200-871] Estimated clock period (7.837 ns) exceeds the target (target clock period: 10.000 ns, clock uncertainty: 2.700 ns, effective delay budget: 7.300 ns).
WARNING: [HLS 200-1016] The critical path in module 'matrix_mult' consists of the following:
	'store' operation 0 bit ('i_write_ln10', matrix_mult.cpp:10) of constant 0 on local variable 'i', matrix_mult.cpp:10 [15]  (1.588 ns)
	'load' operation 5 bit ('i_load', matrix_mult.cpp:10) on local variable 'i', matrix_mult.cpp:10 [25]  (0.000 ns)
	'add' operation 5 bit ('add_ln10', matrix_mult.cpp:10) [26]  (1.780 ns)
	'select' operation 5 bit ('select_ln10_1', matrix_mult.cpp:10) [31]  (1.215 ns)
	'or' operation 8 bit ('or_ln16_2', matrix_mult.cpp:16) [42]  (0.000 ns)
	'getelementptr' operation 8 bit ('a_addr_3', matrix_mult.cpp:16) [44]  (0.000 ns)
	'load' operation 8 bit ('a_load_3', matrix_mult.cpp:16) on array 'a' [87]  (3.254 ns)

INFO: [SCHED 204-11] Finished scheduling.
INFO: [HLS 200-111] Finished Scheduling: CPU user time: 0 seconds. CPU system time: 0 seconds. Elapsed time: 0.997 seconds; current allocated memory: 165.199 MB.
INFO: [BIND 205-100] Starting micro-architecture generation ...
INFO: [BIND 205-101] Performing variable lifetime analysis.
INFO: [BIND 205-101] Exploring resource sharing.
INFO: [BIND 205-101] Binding ...
INFO: [BIND 205-100] Finished micro-architecture generation.
INFO: [HLS 200-111] Finished Binding: CPU user time: 0 seconds. CPU system time: 0 seconds. Elapsed time: 0.19 seconds; current allocated memory: 166.719 MB.
INFO: [HLS 200-10] ----------------------------------------------------------------
INFO: [HLS 200-10] -- Generating RTL for module 'matrix_mult' 
INFO: [HLS 200-10] ----------------------------------------------------------------
INFO: [RTGEN 206-500] Setting interface mode on port 'matrix_mult/a' to 'ap_memory'.
INFO: [RTGEN 206-500] Setting interface mode on port 'matrix_mult/b' to 'ap_memory'.
INFO: [RTGEN 206-500] Setting interface mode on port 'matrix_mult/prod' to 'ap_memory'.
INFO: [RTGEN 206-500] Setting interface mode on function 'matrix_mult' to 'ap_ctrl_hs'.
INFO: [HLS 200-1030] Apply Unified Pipeline Control on module 'matrix_mult' pipeline 'Row_Col' pipeline type 'loop pipeline'
INFO: [RTGEN 206-100] Generating core module 'mac_muladd_8ns_8ns_16ns_17_4_1': 8 instance(s).
INFO: [RTGEN 206-100] Generating core module 'mul_8ns_8ns_16_1_1': 8 instance(s).
INFO: [RTGEN 206-100] Finished creating RTL model for 'matrix_mult'.
INFO: [HLS 200-111] Finished Creating RTL model: CPU user time: 0 seconds. CPU system time: 0 seconds. Elapsed time: 0.405 seconds; current allocated memory: 170.707 MB.
INFO: [HLS 200-111] Finished Generating all RTL models: CPU user time: 0 seconds. CPU system time: 1 seconds. Elapsed time: 1.358 seconds; current allocated memory: 178.773 MB.
INFO: [HLS 200-111] Finished Updating report files: CPU user time: 1 seconds. CPU system time: 0 seconds. Elapsed time: 1.084 seconds; current allocated memory: 184.332 MB.
INFO: [VHDL 208-304] Generating VHDL RTL for matrix_mult.
INFO: [VLOG 209-307] Generating Verilog RTL for matrix_mult.
INFO: [HLS 200-790] **** Loop Constraint Status: All loop constraints were NOT satisfied.
INFO: [HLS 200-789] **** Estimated Fmax: 127.60 MHz
INFO: [HLS 200-111] Finished Command csynth_design CPU user time: 1 seconds. CPU system time: 1 seconds. Elapsed time: 15.835 seconds; current allocated memory: 53.555 MB.
==============================================================
Vitis HLS - High-Level Synthesis from C, C++ and OpenCL v2023.2 (64-bit)
Tool Version Limit: 2023.10
Copyright 1986-2022 Xilinx, Inc. All Rights Reserved.
Copyright 2022-2023 Advanced Micro Devices, Inc. All Rights Reserved.

==============================================================
INFO: [SYN 201-201] Setting up clock 'default' with a period of 10ns.
INFO: [HLS 200-1611] Setting target device to 'xc7z020-clg400-1'
INFO: [HLS 200-1505] Using flow_target 'vivado'
INFO: [HLS 200-1464] Running solution command: config_cosim -tool=xsim
INFO: [HLS 200-1510] Running: set_part xc7z020clg400-1 
INFO: [HLS 200-1510] Running: create_clock -period 10 -name default 
INFO: [SYN 201-201] Setting up clock 'default' with a period of 10ns.
INFO: [HLS 200-1510] Running: config_cosim -tool xsim 
INFO: [HLS 200-1510] Running: cosim_design 
WARNING: [HLS 200-626] This design is unable to schedule all read ports in the first II cycle. The RTL testbench may treat the design as non-pipelined
INFO: [COSIM 212-47] Using XSIM for RTL simulation.
INFO: [COSIM 212-14] Instrumenting C test bench ...
INFO: [COSIM 212-302] Starting C TB testing ... 
INFO: [COSIM 212-333] Generating C post check test bench ...
INFO: [COSIM 212-12] Generating RTL test bench ...
INFO: [COSIM 212-1] *** C/RTL co-simulation file generation completed. ***
INFO: [COSIM 212-323] Starting verilog simulation. 
INFO: [COSIM 212-15] Starting XSIM ...
INFO: [COSIM 212-316] Starting C post checking ...
INFO: [COSIM 212-1000] *** C/RTL co-simulation finished: PASS ***
INFO: [COSIM 212-211] II is measurable only when transaction number is greater than 1 in RTL simulation. Otherwise, they will be marked as all NA. If user wants to calculate them, please make sure there are at least 2 transactions in RTL simulation.
INFO: [HLS 200-111] Finished Command cosim_design CPU user time: 0 seconds. CPU system time: 0 seconds. Elapsed time: 24.876 seconds; current allocated memory: 10.777 MB.
